  [1m[36m (86.8ms)[0m  [1mCREATE TABLE "schema_migrations" ("version" character varying NOT NULL) [0m
  [1m[35m (3.5ms)[0m  CREATE UNIQUE INDEX  "unique_schema_migrations" ON "schema_migrations"  ("version")
  [1m[36mActiveRecord::SchemaMigration Load (0.5ms)[0m  [1mSELECT "schema_migrations".* FROM "schema_migrations"[0m
Migrating to CreateStories (20150508234457)
  [1m[35m (9.1ms)[0m  BEGIN
  [1m[36m (34.2ms)[0m  [1mCREATE TABLE "stories" ("id" serial primary key, "name" character varying NOT NULL, "deleted_at" timestamp) [0m
  [1m[35mSQL (30.9ms)[0m  INSERT INTO "schema_migrations" ("version") VALUES ($1)  [["version", "20150508234457"]]
  [1m[36m (0.9ms)[0m  [1mCOMMIT[0m
Migrating to CreatePlacemarks (20150508234521)
  [1m[35m (0.4ms)[0m  BEGIN
  [1m[36m (7.1ms)[0m  [1mCREATE TABLE "placemarks" ("id" serial primary key, "story_id" integer, "name" character varying NOT NULL, "synopsis" text, "full_text" text, "lat" decimal NOT NULL, "lon" decimal NOT NULL, "deleted_at" timestamp) [0m
  [1m[35mSQL (0.7ms)[0m  INSERT INTO "schema_migrations" ("version") VALUES ($1)  [["version", "20150508234521"]]
  [1m[36m (1.0ms)[0m  [1mCOMMIT[0m
Migrating to CreateImages (20150508234538)
  [1m[35m (0.3ms)[0m  BEGIN
  [1m[36m (0.2ms)[0m  [1mROLLBACK[0m
  [1m[36m (8.0ms)[0m  [1mCREATE TABLE "schema_migrations" ("version" character varying NOT NULL) [0m
  [1m[35m (2.7ms)[0m  CREATE UNIQUE INDEX  "unique_schema_migrations" ON "schema_migrations"  ("version")
  [1m[36mActiveRecord::SchemaMigration Load (0.5ms)[0m  [1mSELECT "schema_migrations".* FROM "schema_migrations"[0m
Migrating to CreateStories (20150508234457)
  [1m[35m (0.3ms)[0m  BEGIN
  [1m[36m (8.7ms)[0m  [1mCREATE TABLE "stories" ("id" serial primary key, "name" character varying NOT NULL, "deleted_at" timestamp) [0m
  [1m[35mSQL (0.5ms)[0m  INSERT INTO "schema_migrations" ("version") VALUES ($1)  [["version", "20150508234457"]]
  [1m[36m (1.0ms)[0m  [1mCOMMIT[0m
Migrating to CreatePlacemarks (20150508234521)
  [1m[35m (0.4ms)[0m  BEGIN
  [1m[36m (7.0ms)[0m  [1mCREATE TABLE "placemarks" ("id" serial primary key, "story_id" integer, "name" character varying NOT NULL, "synopsis" text, "full_text" text, "lat" decimal NOT NULL, "lon" decimal NOT NULL, "deleted_at" timestamp) [0m
  [1m[35mSQL (0.3ms)[0m  INSERT INTO "schema_migrations" ("version") VALUES ($1)  [["version", "20150508234521"]]
  [1m[36m (0.9ms)[0m  [1mCOMMIT[0m
Migrating to CreateImages (20150508234538)
  [1m[35m (0.4ms)[0m  BEGIN
  [1m[36m (0.2ms)[0m  [1mROLLBACK[0m
  [1m[36m (6.7ms)[0m  [1mCREATE TABLE "schema_migrations" ("version" character varying NOT NULL) [0m
  [1m[35m (2.5ms)[0m  CREATE UNIQUE INDEX  "unique_schema_migrations" ON "schema_migrations"  ("version")
  [1m[36mActiveRecord::SchemaMigration Load (0.5ms)[0m  [1mSELECT "schema_migrations".* FROM "schema_migrations"[0m
Migrating to CreateStories (20150508234457)
  [1m[35m (0.3ms)[0m  BEGIN
  [1m[36m (8.7ms)[0m  [1mCREATE TABLE "stories" ("id" serial primary key, "name" character varying NOT NULL, "deleted_at" timestamp) [0m
  [1m[35mSQL (0.6ms)[0m  INSERT INTO "schema_migrations" ("version") VALUES ($1)  [["version", "20150508234457"]]
  [1m[36m (1.0ms)[0m  [1mCOMMIT[0m
Migrating to CreatePlacemarks (20150508234521)
  [1m[35m (0.5ms)[0m  BEGIN
  [1m[36m (7.0ms)[0m  [1mCREATE TABLE "placemarks" ("id" serial primary key, "story_id" integer, "name" character varying NOT NULL, "synopsis" text, "full_text" text, "lat" decimal NOT NULL, "lon" decimal NOT NULL, "deleted_at" timestamp) [0m
  [1m[35mSQL (0.3ms)[0m  INSERT INTO "schema_migrations" ("version") VALUES ($1)  [["version", "20150508234521"]]
  [1m[36m (0.9ms)[0m  [1mCOMMIT[0m
Migrating to CreateImages (20150508234538)
  [1m[35m (0.5ms)[0m  BEGIN
  [1m[36m (0.2ms)[0m  [1mROLLBACK[0m
  [1m[36m (6.6ms)[0m  [1mCREATE TABLE "schema_migrations" ("version" character varying NOT NULL) [0m
  [1m[35m (2.4ms)[0m  CREATE UNIQUE INDEX  "unique_schema_migrations" ON "schema_migrations"  ("version")
  [1m[36mActiveRecord::SchemaMigration Load (0.5ms)[0m  [1mSELECT "schema_migrations".* FROM "schema_migrations"[0m
Migrating to CreateStories (20150508234457)
  [1m[35m (0.3ms)[0m  BEGIN
  [1m[36m (35.5ms)[0m  [1mCREATE TABLE "stories" ("id" serial primary key, "name" character varying NOT NULL, "deleted_at" timestamp) [0m
  [1m[35mSQL (0.7ms)[0m  INSERT INTO "schema_migrations" ("version") VALUES ($1)  [["version", "20150508234457"]]
  [1m[36m (1.0ms)[0m  [1mCOMMIT[0m
Migrating to CreatePlacemarks (20150508234521)
  [1m[35m (0.4ms)[0m  BEGIN
  [1m[36m (7.6ms)[0m  [1mCREATE TABLE "placemarks" ("id" serial primary key, "story_id" integer, "name" character varying NOT NULL, "synopsis" text, "full_text" text, "lat" decimal NOT NULL, "lon" decimal NOT NULL, "deleted_at" timestamp) [0m
  [1m[35mSQL (0.3ms)[0m  INSERT INTO "schema_migrations" ("version") VALUES ($1)  [["version", "20150508234521"]]
  [1m[36m (1.0ms)[0m  [1mCOMMIT[0m
Migrating to CreateImages (20150508234538)
  [1m[35m (0.5ms)[0m  BEGIN
  [1m[36m (7.8ms)[0m  [1mCREATE TABLE "images" ("id" serial primary key, "placemark_id" integer, "data" bytea NOT NULL, "alt" character varying NOT NULL, "deleted_at" timestamp) [0m
  [1m[35mSQL (0.2ms)[0m  INSERT INTO "schema_migrations" ("version") VALUES ($1)  [["version", "20150508234538"]]
  [1m[36m (0.8ms)[0m  [1mCOMMIT[0m
  [1m[35mActiveRecord::SchemaMigration Load (0.3ms)[0m  SELECT "schema_migrations".* FROM "schema_migrations"
  [1m[36m (38.2ms)[0m  [1mSELECT t2.oid::regclass::text AS to_table, a1.attname AS column, a2.attname AS primary_key, c.conname AS name, c.confupdtype AS on_update, c.confdeltype AS on_delete
FROM pg_constraint c
JOIN pg_class t1 ON c.conrelid = t1.oid
JOIN pg_class t2 ON c.confrelid = t2.oid
JOIN pg_attribute a1 ON a1.attnum = c.conkey[1] AND a1.attrelid = t1.oid
JOIN pg_attribute a2 ON a2.attnum = c.confkey[1] AND a2.attrelid = t2.oid
JOIN pg_namespace t3 ON c.connamespace = t3.oid
WHERE c.contype = 'f'
  AND t1.relname = 'images'
  AND t3.nspname = ANY (current_schemas(false))
ORDER BY c.conname
[0m
  [1m[35m (4.7ms)[0m  SELECT t2.oid::regclass::text AS to_table, a1.attname AS column, a2.attname AS primary_key, c.conname AS name, c.confupdtype AS on_update, c.confdeltype AS on_delete
FROM pg_constraint c
JOIN pg_class t1 ON c.conrelid = t1.oid
JOIN pg_class t2 ON c.confrelid = t2.oid
JOIN pg_attribute a1 ON a1.attnum = c.conkey[1] AND a1.attrelid = t1.oid
JOIN pg_attribute a2 ON a2.attnum = c.confkey[1] AND a2.attrelid = t2.oid
JOIN pg_namespace t3 ON c.connamespace = t3.oid
WHERE c.contype = 'f'
  AND t1.relname = 'placemarks'
  AND t3.nspname = ANY (current_schemas(false))
ORDER BY c.conname

  [1m[36m (5.5ms)[0m  [1mSELECT t2.oid::regclass::text AS to_table, a1.attname AS column, a2.attname AS primary_key, c.conname AS name, c.confupdtype AS on_update, c.confdeltype AS on_delete
FROM pg_constraint c
JOIN pg_class t1 ON c.conrelid = t1.oid
JOIN pg_class t2 ON c.confrelid = t2.oid
JOIN pg_attribute a1 ON a1.attnum = c.conkey[1] AND a1.attrelid = t1.oid
JOIN pg_attribute a2 ON a2.attnum = c.confkey[1] AND a2.attrelid = t2.oid
JOIN pg_namespace t3 ON c.connamespace = t3.oid
WHERE c.contype = 'f'
  AND t1.relname = 'stories'
  AND t3.nspname = ANY (current_schemas(false))
ORDER BY c.conname
[0m
